#
# There is insufficient memory for the Java Runtime Environment to continue.
# Native memory allocation (malloc) failed to allocate 715849728 bytes for committing reserved memory.
# Possible reasons:
#   The system is out of physical RAM or swap space
#   In 32 bit mode, the process size limit was hit
# Possible solutions:
#   Reduce memory load on the system
#   Increase physical memory or swap space
#   Check if swap backing store is full
#   Use 64 bit Java on a 64 bit OS
#   Decrease Java heap size (-Xmx/-Xms)
#   Decrease number of Java threads
#   Decrease Java thread stack sizes (-Xss)
#   Set larger code cache with -XX:ReservedCodeCacheSize=
# This output file may be truncated or incomplete.
#
#  Out of Memory Error (os_linux.cpp:2756), pid=5466, tid=140320934229760
#
# JRE version:  (7.0_72-b14) (build )
# Java VM: Java HotSpot(TM) 64-Bit Server VM (24.72-b04 mixed mode linux-amd64 compressed oops)
# Failed to write core dump. Core dumps have been disabled. To enable core dumping, try "ulimit -c unlimited" before starting Java again
#

---------------  T H R E A D  ---------------

Current thread (0x00007f9efc00a000):  JavaThread "Unknown thread" [_thread_in_vm, id=5507, stack(0x00007f9f03607000,0x00007f9f03708000)]

Stack: [0x00007f9f03607000,0x00007f9f03708000],  sp=0x00007f9f03706330,  free space=1020k
Native frames: (J=compiled Java code, j=interpreted, Vv=VM code, C=native code)
V  [libjvm.so+0x9a10fa]  VMError::report_and_die()+0x2ea
V  [libjvm.so+0x49755b]  report_vm_out_of_memory(char const*, int, unsigned long, char const*)+0x9b
V  [libjvm.so+0x81ec4e]  os::Linux::commit_memory_impl(char*, unsigned long, bool)+0xfe
V  [libjvm.so+0x81f199]  os::pd_commit_memory(char*, unsigned long, unsigned long, bool)+0x29
V  [libjvm.so+0x818f2a]  os::commit_memory(char*, unsigned long, unsigned long, bool)+0x2a
V  [libjvm.so+0x99c909]  VirtualSpace::expand_by(unsigned long, bool)+0x1c9
V  [libjvm.so+0x99ca8d]  VirtualSpace::initialize(ReservedSpace, unsigned long)+0xcd
V  [libjvm.so+0x57886f]  CardGeneration::CardGeneration(ReservedSpace, unsigned long, int, GenRemSet*)+0x11f
V  [libjvm.so+0x951453]  TenuredGeneration::TenuredGeneration(ReservedSpace, unsigned long, int, GenRemSet*)+0x83
V  [libjvm.so+0x579dfd]  GenerationSpec::init(ReservedSpace, int, GenRemSet*)+0x3bd
V  [libjvm.so+0x56a224]  GenCollectedHeap::initialize()+0x344
V  [libjvm.so+0x9730ba]  Universe::initialize_heap()+0xca
V  [libjvm.so+0x974289]  universe_init()+0x79
V  [libjvm.so+0x5b0f85]  init_globals()+0x65
V  [libjvm.so+0x95bbdd]  Threads::create_vm(JavaVMInitArgs*, bool*)+0x1ed
V  [libjvm.so+0x639234]  JNI_CreateJavaVM+0x74
C  [libjli.so+0x2f8e]  JavaMain+0x9e


---------------  P R O C E S S  ---------------

Java Threads: ( => current thread )

Other Threads:

=>0x00007f9efc00a000 (exited) JavaThread "Unknown thread" [_thread_in_vm, id=5507, stack(0x00007f9f03607000,0x00007f9f03708000)]

VM state:not at safepoint (not fully initialized)

VM Mutex/Monitor currently owned by a thread: None

GC Heap History (0 events):
No events

Deoptimization events (0 events):
No events

Internal exceptions (0 events):
No events

Events (0 events):
No events


Dynamic libraries:
00400000-00401000 r-xp 00000000 ca:01 531948                             /usr/lib/jvm/java-7-oracle/jre/bin/java
00600000-00601000 rw-p 00000000 ca:01 531948                             /usr/lib/jvm/java-7-oracle/jre/bin/java
01f28000-01f49000 rw-p 00000000 00:00 0                                  [heap]
b0000000-c5550000 rw-p 00000000 00:00 0 
f0000000-100000000 rw-p 00000000 00:00 0 
7f9ef9000000-7f9ef9270000 rwxp 00000000 00:00 0 
7f9ef9270000-7f9efc027000 rw-p 00000000 00:00 0 
7f9efc027000-7f9f00000000 ---p 00000000 00:00 0 
7f9f00416000-7f9f00708000 rw-p 00000000 00:00 0 
7f9f00708000-7f9f008dd000 rw-p 00000000 00:00 0 
7f9f008dd000-7f9f008de000 rw-p 00000000 00:00 0 
7f9f008de000-7f9f008f8000 r-xp 00000000 ca:01 532592                     /usr/lib/jvm/java-7-oracle/jre/lib/amd64/libzip.so
7f9f008f8000-7f9f00af8000 ---p 0001a000 ca:01 532592                     /usr/lib/jvm/java-7-oracle/jre/lib/amd64/libzip.so
7f9f00af8000-7f9f00af9000 rw-p 0001a000 ca:01 532592                     /usr/lib/jvm/java-7-oracle/jre/lib/amd64/libzip.so
7f9f00af9000-7f9f00b04000 r-xp 00000000 ca:01 400306                     /lib/x86_64-linux-gnu/libnss_files-2.19.so
7f9f00b04000-7f9f00d03000 ---p 0000b000 ca:01 400306                     /lib/x86_64-linux-gnu/libnss_files-2.19.so
7f9f00d03000-7f9f00d04000 r--p 0000a000 ca:01 400306                     /lib/x86_64-linux-gnu/libnss_files-2.19.so
7f9f00d04000-7f9f00d05000 rw-p 0000b000 ca:01 400306                     /lib/x86_64-linux-gnu/libnss_files-2.19.so
7f9f00d05000-7f9f00d10000 r-xp 00000000 ca:01 400313                     /lib/x86_64-linux-gnu/libnss_nis-2.19.so
7f9f00d10000-7f9f00f0f000 ---p 0000b000 ca:01 400313                     /lib/x86_64-linux-gnu/libnss_nis-2.19.so
7f9f00f0f000-7f9f00f10000 r--p 0000a000 ca:01 400313                     /lib/x86_64-linux-gnu/libnss_nis-2.19.so
7f9f00f10000-7f9f00f11000 rw-p 0000b000 ca:01 400313                     /lib/x86_64-linux-gnu/libnss_nis-2.19.so
7f9f00f11000-7f9f00f28000 r-xp 00000000 ca:01 400299                     /lib/x86_64-linux-gnu/libnsl-2.19.so
7f9f00f28000-7f9f01127000 ---p 00017000 ca:01 400299                     /lib/x86_64-linux-gnu/libnsl-2.19.so
7f9f01127000-7f9f01128000 r--p 00016000 ca:01 400299                     /lib/x86_64-linux-gnu/libnsl-2.19.so
7f9f01128000-7f9f01129000 rw-p 00017000 ca:01 400299                     /lib/x86_64-linux-gnu/libnsl-2.19.so
7f9f01129000-7f9f0112b000 rw-p 00000000 00:00 0 
7f9f0112b000-7f9f01134000 r-xp 00000000 ca:01 400310                     /lib/x86_64-linux-gnu/libnss_compat-2.19.so
7f9f01134000-7f9f01333000 ---p 00009000 ca:01 400310                     /lib/x86_64-linux-gnu/libnss_compat-2.19.so
7f9f01333000-7f9f01334000 r--p 00008000 ca:01 400310                     /lib/x86_64-linux-gnu/libnss_compat-2.19.so
7f9f01334000-7f9f01335000 rw-p 00009000 ca:01 400310                     /lib/x86_64-linux-gnu/libnss_compat-2.19.so
7f9f01335000-7f9f0135e000 r-xp 00000000 ca:01 532610                     /usr/lib/jvm/java-7-oracle/jre/lib/amd64/libjava.so
7f9f0135e000-7f9f0155e000 ---p 00029000 ca:01 532610                     /usr/lib/jvm/java-7-oracle/jre/lib/amd64/libjava.so
7f9f0155e000-7f9f01560000 rw-p 00029000 ca:01 532610                     /usr/lib/jvm/java-7-oracle/jre/lib/amd64/libjava.so
7f9f01560000-7f9f0156d000 r-xp 00000000 ca:01 532583                     /usr/lib/jvm/java-7-oracle/jre/lib/amd64/libverify.so
7f9f0156d000-7f9f0176c000 ---p 0000d000 ca:01 532583                     /usr/lib/jvm/java-7-oracle/jre/lib/amd64/libverify.so
7f9f0176c000-7f9f0176e000 rw-p 0000c000 ca:01 532583                     /usr/lib/jvm/java-7-oracle/jre/lib/amd64/libverify.so
7f9f0176e000-7f9f01775000 r-xp 00000000 ca:01 400316                     /lib/x86_64-linux-gnu/librt-2.19.so
7f9f01775000-7f9f01974000 ---p 00007000 ca:01 400316                     /lib/x86_64-linux-gnu/librt-2.19.so
7f9f01974000-7f9f01975000 r--p 00006000 ca:01 400316                     /lib/x86_64-linux-gnu/librt-2.19.so
7f9f01975000-7f9f01976000 rw-p 00007000 ca:01 400316                     /lib/x86_64-linux-gnu/librt-2.19.so
7f9f01976000-7f9f01a7b000 r-xp 00000000 ca:01 396118                     /lib/x86_64-linux-gnu/libm-2.19.so
7f9f01a7b000-7f9f01c7a000 ---p 00105000 ca:01 396118                     /lib/x86_64-linux-gnu/libm-2.19.so
7f9f01c7a000-7f9f01c7b000 r--p 00104000 ca:01 396118                     /lib/x86_64-linux-gnu/libm-2.19.so
7f9f01c7b000-7f9f01c7c000 rw-p 00105000 ca:01 396118                     /lib/x86_64-linux-gnu/libm-2.19.so
7f9f01c7c000-7f9f027ef000 r-xp 00000000 ca:01 532566                     /usr/lib/jvm/java-7-oracle/jre/lib/amd64/server/libjvm.so
7f9f027ef000-7f9f029ee000 ---p 00b73000 ca:01 532566                     /usr/lib/jvm/java-7-oracle/jre/lib/amd64/server/libjvm.so
7f9f029ee000-7f9f02ab2000 rw-p 00b72000 ca:01 532566                     /usr/lib/jvm/java-7-oracle/jre/lib/amd64/server/libjvm.so
7f9f02ab2000-7f9f02af3000 rw-p 00000000 00:00 0 
7f9f02af3000-7f9f02cae000 r-xp 00000000 ca:01 400314                     /lib/x86_64-linux-gnu/libc-2.19.so
7f9f02cae000-7f9f02eae000 ---p 001bb000 ca:01 400314                     /lib/x86_64-linux-gnu/libc-2.19.so
7f9f02eae000-7f9f02eb2000 r--p 001bb000 ca:01 400314                     /lib/x86_64-linux-gnu/libc-2.19.so
7f9f02eb2000-7f9f02eb4000 rw-p 001bf000 ca:01 400314                     /lib/x86_64-linux-gnu/libc-2.19.so
7f9f02eb4000-7f9f02eb9000 rw-p 00000000 00:00 0 
7f9f02eb9000-7f9f02ebc000 r-xp 00000000 ca:01 400308                     /lib/x86_64-linux-gnu/libdl-2.19.so
7f9f02ebc000-7f9f030bb000 ---p 00003000 ca:01 400308                     /lib/x86_64-linux-gnu/libdl-2.19.so
7f9f030bb000-7f9f030bc000 r--p 00002000 ca:01 400308                     /lib/x86_64-linux-gnu/libdl-2.19.so
7f9f030bc000-7f9f030bd000 rw-p 00003000 ca:01 400308                     /lib/x86_64-linux-gnu/libdl-2.19.so
7f9f030bd000-7f9f030d3000 r-xp 00000000 ca:01 532586                     /usr/lib/jvm/java-7-oracle/jre/lib/amd64/jli/libjli.so
7f9f030d3000-7f9f032d3000 ---p 00016000 ca:01 532586                     /usr/lib/jvm/java-7-oracle/jre/lib/amd64/jli/libjli.so
7f9f032d3000-7f9f032d4000 rw-p 00016000 ca:01 532586                     /usr/lib/jvm/java-7-oracle/jre/lib/amd64/jli/libjli.so
7f9f032d4000-7f9f032ed000 r-xp 00000000 ca:01 400303                     /lib/x86_64-linux-gnu/libpthread-2.19.so
7f9f032ed000-7f9f034ec000 ---p 00019000 ca:01 400303                     /lib/x86_64-linux-gnu/libpthread-2.19.so
7f9f034ec000-7f9f034ed000 r--p 00018000 ca:01 400303                     /lib/x86_64-linux-gnu/libpthread-2.19.so
7f9f034ed000-7f9f034ee000 rw-p 00019000 ca:01 400303                     /lib/x86_64-linux-gnu/libpthread-2.19.so
7f9f034ee000-7f9f034f2000 rw-p 00000000 00:00 0 
7f9f034f2000-7f9f03515000 r-xp 00000000 ca:01 400311                     /lib/x86_64-linux-gnu/ld-2.19.so
7f9f0353f000-7f9f03549000 rw-p 00000000 00:00 0 
7f9f03549000-7f9f035ff000 rw-p 00000000 00:00 0 
7f9f035ff000-7f9f03607000 rw-s 00000000 ca:01 655764                     /tmp/hsperfdata_ubuntu/5466
7f9f03607000-7f9f0360a000 ---p 00000000 00:00 0 
7f9f0360a000-7f9f0370c000 rw-p 00000000 00:00 0                          [stack:5507]
7f9f0370e000-7f9f03711000 rw-p 00000000 00:00 0 
7f9f03711000-7f9f03712000 r--p 00000000 00:00 0 
7f9f03712000-7f9f03714000 rw-p 00000000 00:00 0 
7f9f03714000-7f9f03715000 r--p 00022000 ca:01 400311                     /lib/x86_64-linux-gnu/ld-2.19.so
7f9f03715000-7f9f03716000 rw-p 00023000 ca:01 400311                     /lib/x86_64-linux-gnu/ld-2.19.so
7f9f03716000-7f9f03717000 rw-p 00000000 00:00 0 
7fffc3210000-7fffc3231000 rw-p 00000000 00:00 0                          [stack]
7fffc33a6000-7fffc33a8000 r-xp 00000000 00:00 0                          [vdso]
ffffffffff600000-ffffffffff601000 r-xp 00000000 00:00 0                  [vsyscall]

VM Arguments:
jvm_args: -Dactivator.home=/home/ubuntu/git/LostNFoundTW/lostfoundtw-web -Xms1024m -Xmx1024m -XX:PermSize=64m -XX:MaxPermSize=256m 
java_command: /home/ubuntu/git/LostNFoundTW/lostfoundtw-web/activator-launch-1.2.12.jar run
Launcher Type: SUN_STANDARD

Environment Variables:
PATH=/home/ubuntu/activator-1.2.10:/usr/local/sbin:/usr/local/bin:/usr/sbin:/usr/bin:/sbin:/bin:/usr/games:/usr/local/games
SHELL=/bin/bash

Signal Handlers:
SIGSEGV: [libjvm.so+0x9a1a10], sa_mask[0]=0x7ffbfeff, sa_flags=0x10000004
SIGBUS: [libjvm.so+0x9a1a10], sa_mask[0]=0x7ffbfeff, sa_flags=0x10000004
SIGFPE: [libjvm.so+0x81bae0], sa_mask[0]=0x7ffbfeff, sa_flags=0x10000004
SIGPIPE: [libjvm.so+0x81bae0], sa_mask[0]=0x7ffbfeff, sa_flags=0x10000004
SIGXFSZ: [libjvm.so+0x81bae0], sa_mask[0]=0x7ffbfeff, sa_flags=0x10000004
SIGILL: [libjvm.so+0x81bae0], sa_mask[0]=0x7ffbfeff, sa_flags=0x10000004
SIGUSR1: SIG_DFL, sa_mask[0]=0x00000000, sa_flags=0x00000000
SIGUSR2: [libjvm.so+0x81d2e0], sa_mask[0]=0x00000000, sa_flags=0x10000004
SIGHUP: SIG_DFL, sa_mask[0]=0x00000000, sa_flags=0x00000000
SIGINT: SIG_DFL, sa_mask[0]=0x00000000, sa_flags=0x00000000
SIGTERM: SIG_DFL, sa_mask[0]=0x00000000, sa_flags=0x00000000
SIGQUIT: SIG_DFL, sa_mask[0]=0x00000000, sa_flags=0x00000000


---------------  S Y S T E M  ---------------

OS:jessie/sid

uname:Linux 3.13.0-29-generic #53-Ubuntu SMP Wed Jun 4 21:00:20 UTC 2014 x86_64
libc:glibc 2.19 NPTL 2.19 
rlimit: STACK 8192k, CORE 0k, NPROC 7858, NOFILE 4096, AS infinity
load average:0.00 0.01 0.05

/proc/meminfo:
MemTotal:        1016280 kB
MemFree:          178996 kB
Buffers:           53484 kB
Cached:           277996 kB
SwapCached:            0 kB
Active:           573504 kB
Inactive:         149808 kB
Active(anon):     391948 kB
Inactive(anon):      276 kB
Active(file):     181556 kB
Inactive(file):   149532 kB
Unevictable:           0 kB
Mlocked:               0 kB
SwapTotal:             0 kB
SwapFree:              0 kB
Dirty:              1448 kB
Writeback:             0 kB
AnonPages:        391912 kB
Mapped:            19504 kB
Shmem:               348 kB
Slab:              96472 kB
SReclaimable:      87164 kB
SUnreclaim:         9308 kB
KernelStack:        1304 kB
PageTables:         2844 kB
NFS_Unstable:          0 kB
Bounce:                0 kB
WritebackTmp:          0 kB
CommitLimit:      508140 kB
Committed_AS:     837216 kB
VmallocTotal:   34359738367 kB
VmallocUsed:        2368 kB
VmallocChunk:   34359732623 kB
HardwareCorrupted:     0 kB
AnonHugePages:    358400 kB
HugePages_Total:       0
HugePages_Free:        0
HugePages_Rsvd:        0
HugePages_Surp:        0
Hugepagesize:       2048 kB
DirectMap4k:       22528 kB
DirectMap2M:     1157120 kB


CPU:total 1 (1 cores per cpu, 1 threads per core) family 6 model 62 stepping 4, cmov, cx8, fxsr, mmx, sse, sse2, sse3, ssse3, sse4.1, sse4.2, popcnt, avx, aes, erms, tsc

/proc/cpuinfo:
processor	: 0
vendor_id	: GenuineIntel
cpu family	: 6
model		: 62
model name	: Intel(R) Xeon(R) CPU E5-2670 v2 @ 2.50GHz
stepping	: 4
microcode	: 0x416
cpu MHz		: 2500.050
cache size	: 25600 KB
physical id	: 0
siblings	: 1
core id		: 0
cpu cores	: 1
apicid		: 0
initial apicid	: 0
fpu		: yes
fpu_exception	: yes
cpuid level	: 13
wp		: yes
flags		: fpu vme de pse tsc msr pae mce cx8 apic sep mtrr pge mca cmov pat pse36 clflush mmx fxsr sse sse2 ht syscall nx rdtscp lm constant_tsc rep_good nopl xtopology eagerfpu pni pclmulqdq ssse3 cx16 pcid sse4_1 sse4_2 x2apic popcnt tsc_deadline_timer aes xsave avx f16c rdrand hypervisor lahf_lm xsaveopt fsgsbase smep erms
bogomips	: 5000.10
clflush size	: 64
cache_alignment	: 64
address sizes	: 46 bits physical, 48 bits virtual
power management:



Memory: 4k page, physical 1016280k(178996k free), swap 0k(0k free)

vm_info: Java HotSpot(TM) 64-Bit Server VM (24.72-b04) for linux-amd64 JRE (1.7.0_72-b14), built on Sep 26 2014 18:20:41 by "java_re" with gcc 4.3.0 20080428 (Red Hat 4.3.0-8)

time: Wed Dec 17 15:10:51 2014
elapsed time: 0 seconds

